2026-03-24 19:51:28.058 [main] DEBUG ktor.application - Java Home: /Library/Java/JavaVirtualMachines/jdk-22.jdk/Contents
2026-03-24 19:51:28.058 [main] DEBUG ktor.application - Class Loader: jdk.internal.loader.ClassLoaders$AppClassLoader@43e45247: [file:/Users/thomasgorisse/Projects/sceneview/website/.kobweb/server/server.jar!/okio]
2026-03-24 19:51:28.070 [main] WARN  ktor.application - API jar specified but does not exist! Please fix conf.yaml. Invalid path: "build/libs/sceneview-website.jar"
2026-03-24 19:51:28.107 [main] INFO  ktor.application - Application started in 0.094 seconds.
2026-03-24 19:51:28.188 [main] INFO  ktor.application - Responding at http://0.0.0.0:8081
2026-03-24 19:51:43.583 [eventLoopGroupProxy-4-1] DEBUG ktor.application - Served fallback index.html file in response to "/changelog"
2026-03-24 19:51:44.291 [eventLoopGroupProxy-4-1] DEBUG ktor.application - Client connected and is requesting kobweb status events.
2026-03-24 19:51:44.505 [eventLoopGroupProxy-4-2] DEBUG ktor.application - Served fallback index.html file in response to "/"
2026-03-24 19:51:44.909 [eventLoopGroupProxy-4-1] DEBUG ktor.application - Stopped sending kobweb status events, probably because client disconnected or server is shutting down. (ChannelWriteException: Cannot write to a channel)
2026-03-24 19:51:45.167 [eventLoopGroupProxy-4-2] DEBUG ktor.application - Client connected and is requesting kobweb status events.
2026-03-24 19:51:45.409 [eventLoopGroupProxy-3-3] DEBUG ktor.application - I/O operation failed
java.net.SocketException: Connection reset
	at java.base/sun.nio.ch.SocketChannelImpl.throwConnectionReset(SocketChannelImpl.java:403)
	at java.base/sun.nio.ch.SocketChannelImpl.implRead(SocketChannelImpl.java:435)
	at java.base/sun.nio.ch.SocketChannelImpl.read(SocketChannelImpl.java:493)
	at io.netty.buffer.PooledByteBuf.setBytes(PooledByteBuf.java:255)
	at io.netty.buffer.AbstractByteBuf.writeBytes(AbstractByteBuf.java:1132)
	at io.netty.channel.socket.nio.NioSocketChannel.doReadBytes(NioSocketChannel.java:356)
	at io.netty.channel.nio.AbstractNioByteChannel$NioByteUnsafe.read(AbstractNioByteChannel.java:151)
	at io.netty.channel.nio.NioEventLoop.processSelectedKey(NioEventLoop.java:788)
	at io.netty.channel.nio.NioEventLoop.processSelectedKeysOptimized(NioEventLoop.java:724)
	at io.netty.channel.nio.NioEventLoop.processSelectedKeys(NioEventLoop.java:650)
	at io.netty.channel.nio.NioEventLoop.run(NioEventLoop.java:562)
	at io.netty.util.concurrent.SingleThreadEventExecutor$4.run(SingleThreadEventExecutor.java:994)
	at io.netty.util.internal.ThreadExecutorMap$2.run(ThreadExecutorMap.java:74)
	at io.ktor.server.netty.EventLoopGroupProxy$Companion.create$lambda$1$lambda$0(NettyApplicationEngine.kt:296)
	at io.netty.util.concurrent.FastThreadLocalRunnable.run(FastThreadLocalRunnable.java:30)
	at java.base/java.lang.Thread.run(Thread.java:1570)
2026-03-24 19:51:45.418 [eventLoopGroupProxy-4-3] DEBUG ktor.application - 200 OK: GET - /models/DamagedHelmet.glb. Exception class io.ktor.util.cio.ChannelWriteException: Cannot write to a channel
io.ktor.util.cio.ChannelWriteException: Cannot write to a channel
	at java.base/jdk.internal.reflect.DirectConstructorHandleAccessor.newInstance(DirectConstructorHandleAccessor.java:62)
	at java.base/java.lang.reflect.Constructor.newInstanceWithCaller(Constructor.java:502)
	at java.base/java.lang.reflect.Constructor.newInstance(Constructor.java:486)
	at io.ktor.utils.io.ExceptionUtilsJvmKt$createConstructor$$inlined$safeCtor$1.invoke(ExceptionUtilsJvm.kt:103)
	at io.ktor.utils.io.ExceptionUtilsJvmKt$createConstructor$$inlined$safeCtor$1.invoke(ExceptionUtilsJvm.kt:90)
	at io.ktor.utils.io.ExceptionUtilsJvmKt.tryCopyException(ExceptionUtilsJvm.kt:45)
	at io.ktor.utils.io.ByteBufferChannelKt.rethrowClosed(ByteBufferChannel.kt:2404)
	at io.ktor.utils.io.ByteBufferChannelKt.access$rethrowClosed(ByteBufferChannel.kt:1)
	at io.ktor.utils.io.ByteBufferChannel.setupStateForWrite$ktor_io(ByteBufferChannel.kt:234)
	at io.ktor.utils.io.ByteBufferChannel.copyDirect$ktor_io(ByteBufferChannel.kt:3372)
	at io.ktor.utils.io.ByteBufferChannel$copyDirect$1.invokeSuspend(ByteBufferChannel.kt)
	at kotlin.coroutines.jvm.internal.BaseContinuationImpl.resumeWith(ContinuationImpl.kt:33)
	at kotlinx.coroutines.DispatchedTask.run(DispatchedTask.kt:104)
	at kotlinx.coroutines.EventLoop.processUnconfinedEvent(EventLoop.common.kt:65)
	at kotlinx.coroutines.internal.DispatchedContinuation.resumeWith(DispatchedContinuation.kt:343)
	at io.ktor.utils.io.internal.CancellableReusableContinuation.resumeWith(CancellableReusableContinuation.kt:93)
	at io.ktor.utils.io.ByteBufferChannel.resumeReadOp(ByteBufferChannel.kt:2104)
	at io.ktor.utils.io.ByteBufferChannel.flushImpl(ByteBufferChannel.kt:188)
	at io.ktor.utils.io.ByteBufferChannel.flush(ByteBufferChannel.kt:198)
	at io.ktor.util.cio.FileChannelsKt$readChannel$1$3$1.invokeSuspend(FileChannels.kt:48)
	at kotlin.coroutines.jvm.internal.BaseContinuationImpl.resumeWith(ContinuationImpl.kt:33)
	at kotlinx.coroutines.DispatchedTask.run(DispatchedTask.kt:104)
	at kotlinx.coroutines.internal.LimitedDispatcher$Worker.run(LimitedDispatcher.kt:111)
	at kotlinx.coroutines.scheduling.TaskImpl.run(Tasks.kt:99)
	at kotlinx.coroutines.scheduling.CoroutineScheduler.runSafely(CoroutineScheduler.kt:584)
	at kotlinx.coroutines.scheduling.CoroutineScheduler$Worker.executeTask(CoroutineScheduler.kt:811)
	at kotlinx.coroutines.scheduling.CoroutineScheduler$Worker.runWorker(CoroutineScheduler.kt:715)
	at kotlinx.coroutines.scheduling.CoroutineScheduler$Worker.run(CoroutineScheduler.kt:702)
Caused by: io.ktor.util.cio.ChannelWriteException: Cannot write to a channel
	at io.ktor.server.netty.cio.NettyHttpResponsePipeline.respondWithFailure(NettyHttpResponsePipeline.kt:102)
	at io.ktor.server.netty.cio.NettyHttpResponsePipeline.respondWithBodyAndTrailerMessage(NettyHttpResponsePipeline.kt:252)
	at io.ktor.server.netty.cio.NettyHttpResponsePipeline.access$respondWithBodyAndTrailerMessage(NettyHttpResponsePipeline.kt:26)
	at io.ktor.server.netty.cio.NettyHttpResponsePipeline$respondWithBodyAndTrailerMessage$1.invokeSuspend(NettyHttpResponsePipeline.kt)
	at kotlin.coroutines.jvm.internal.BaseContinuationImpl.resumeWith(ContinuationImpl.kt:33)
	at kotlinx.coroutines.DispatchedTask.run(DispatchedTask.kt:104)
	at io.netty.util.concurrent.AbstractEventExecutor.runTask(AbstractEventExecutor.java:173)
	at io.netty.util.concurrent.AbstractEventExecutor.safeExecute(AbstractEventExecutor.java:166)
	at io.netty.util.concurrent.SingleThreadEventExecutor.runAllTasks(SingleThreadEventExecutor.java:469)
	at io.netty.channel.nio.NioEventLoop.run(NioEventLoop.java:566)
	at io.netty.util.concurrent.SingleThreadEventExecutor$4.run(SingleThreadEventExecutor.java:994)
	at io.netty.util.internal.ThreadExecutorMap$2.run(ThreadExecutorMap.java:74)
	at io.ktor.server.netty.EventLoopGroupProxy$Companion.create$lambda$1$lambda$0(NettyApplicationEngine.kt:296)
	at io.netty.util.concurrent.FastThreadLocalRunnable.run(FastThreadLocalRunnable.java:30)
	at java.base/java.lang.Thread.run(Thread.java:1570)
Caused by: io.netty.channel.StacklessClosedChannelException: null
	at io.netty.channel.AbstractChannel$AbstractUnsafe.write(Object, ChannelPromise)(Unknown Source)
2026-03-24 19:51:45.507 [eventLoopGroupProxy-4-4] DEBUG ktor.application - Served fallback index.html file in response to "/playground"
2026-03-24 19:51:45.780 [eventLoopGroupProxy-4-2] DEBUG ktor.application - Stopped sending kobweb status events, probably because client disconnected or server is shutting down. (ChannelWriteException: Cannot write to a channel)
2026-03-24 19:51:46.273 [eventLoopGroupProxy-4-4] DEBUG ktor.application - Client connected and is requesting kobweb status events.
2026-03-24 19:51:46.544 [eventLoopGroupProxy-4-5] DEBUG ktor.application - 200 OK: GET - /models/DamagedHelmet.glb. Exception class io.ktor.util.cio.ChannelWriteException: Cannot write to a channel
io.ktor.util.cio.ChannelWriteException: Cannot write to a channel
	at java.base/jdk.internal.reflect.DirectConstructorHandleAccessor.newInstance(DirectConstructorHandleAccessor.java:62)
	at java.base/java.lang.reflect.Constructor.newInstanceWithCaller(Constructor.java:502)
	at java.base/java.lang.reflect.Constructor.newInstance(Constructor.java:486)
	at io.ktor.utils.io.ExceptionUtilsJvmKt$createConstructor$$inlined$safeCtor$1.invoke(ExceptionUtilsJvm.kt:103)
	at io.ktor.utils.io.ExceptionUtilsJvmKt$createConstructor$$inlined$safeCtor$1.invoke(ExceptionUtilsJvm.kt:90)
	at io.ktor.utils.io.ExceptionUtilsJvmKt.tryCopyException(ExceptionUtilsJvm.kt:45)
	at io.ktor.utils.io.ByteBufferChannelKt.rethrowClosed(ByteBufferChannel.kt:2404)
	at io.ktor.utils.io.ByteBufferChannelKt.access$rethrowClosed(ByteBufferChannel.kt:1)
	at io.ktor.utils.io.ByteBufferChannel.setupStateForWrite$ktor_io(ByteBufferChannel.kt:234)
	at io.ktor.utils.io.ByteBufferChannel.copyDirect$ktor_io(ByteBufferChannel.kt:3372)
	at io.ktor.utils.io.ByteBufferChannel$copyDirect$1.invokeSuspend(ByteBufferChannel.kt)
	at kotlin.coroutines.jvm.internal.BaseContinuationImpl.resumeWith(ContinuationImpl.kt:33)
	at kotlinx.coroutines.DispatchedTask.run(DispatchedTask.kt:104)
	at kotlinx.coroutines.EventLoop.processUnconfinedEvent(EventLoop.common.kt:65)
	at kotlinx.coroutines.internal.DispatchedContinuation.resumeWith(DispatchedContinuation.kt:343)
	at io.ktor.utils.io.internal.CancellableReusableContinuation.resumeWith(CancellableReusableContinuation.kt:93)
	at io.ktor.utils.io.ByteBufferChannel.resumeReadOp(ByteBufferChannel.kt:2104)
	at io.ktor.utils.io.ByteBufferChannel.flushImpl(ByteBufferChannel.kt:188)
	at io.ktor.utils.io.ByteBufferChannel.flush(ByteBufferChannel.kt:198)
	at io.ktor.util.cio.FileChannelsKt$readChannel$1$3$1.invokeSuspend(FileChannels.kt:48)
	at kotlin.coroutines.jvm.internal.BaseContinuationImpl.resumeWith(ContinuationImpl.kt:33)
	at kotlinx.coroutines.DispatchedTask.run(DispatchedTask.kt:104)
	at kotlinx.coroutines.internal.LimitedDispatcher$Worker.run(LimitedDispatcher.kt:111)
	at kotlinx.coroutines.scheduling.TaskImpl.run(Tasks.kt:99)
	at kotlinx.coroutines.scheduling.CoroutineScheduler.runSafely(CoroutineScheduler.kt:584)
	at kotlinx.coroutines.scheduling.CoroutineScheduler$Worker.executeTask(CoroutineScheduler.kt:811)
	at kotlinx.coroutines.scheduling.CoroutineScheduler$Worker.runWorker(CoroutineScheduler.kt:715)
	at kotlinx.coroutines.scheduling.CoroutineScheduler$Worker.run(CoroutineScheduler.kt:702)
Caused by: io.ktor.util.cio.ChannelWriteException: Cannot write to a channel
	at io.ktor.server.netty.cio.NettyHttpResponsePipeline.respondWithFailure(NettyHttpResponsePipeline.kt:102)
	at io.ktor.server.netty.cio.NettyHttpResponsePipeline.respondWithBodyAndTrailerMessage(NettyHttpResponsePipeline.kt:252)
	at io.ktor.server.netty.cio.NettyHttpResponsePipeline.access$respondWithBodyAndTrailerMessage(NettyHttpResponsePipeline.kt:26)
	at io.ktor.server.netty.cio.NettyHttpResponsePipeline$respondWithBodyAndTrailerMessage$1.invokeSuspend(NettyHttpResponsePipeline.kt)
	at kotlin.coroutines.jvm.internal.BaseContinuationImpl.resumeWith(ContinuationImpl.kt:33)
	at kotlinx.coroutines.DispatchedTask.run(DispatchedTask.kt:104)
	at io.netty.util.concurrent.AbstractEventExecutor.runTask(AbstractEventExecutor.java:173)
	at io.netty.util.concurrent.AbstractEventExecutor.safeExecute(AbstractEventExecutor.java:166)
	at io.netty.util.concurrent.SingleThreadEventExecutor.runAllTasks(SingleThreadEventExecutor.java:469)
	at io.netty.channel.nio.NioEventLoop.run(NioEventLoop.java:566)
	at io.netty.util.concurrent.SingleThreadEventExecutor$4.run(SingleThreadEventExecutor.java:994)
	at io.netty.util.internal.ThreadExecutorMap$2.run(ThreadExecutorMap.java:74)
	at io.ktor.server.netty.EventLoopGroupProxy$Companion.create$lambda$1$lambda$0(NettyApplicationEngine.kt:296)
	at io.netty.util.concurrent.FastThreadLocalRunnable.run(FastThreadLocalRunnable.java:30)
	at java.base/java.lang.Thread.run(Thread.java:1570)
Caused by: io.netty.channel.StacklessClosedChannelException: null
	at io.netty.channel.AbstractChannel$AbstractUnsafe.write(Object, ChannelPromise)(Unknown Source)
2026-03-24 19:51:46.607 [eventLoopGroupProxy-4-6] DEBUG ktor.application - Served fallback index.html file in response to "/quickstart"
2026-03-24 19:51:46.883 [eventLoopGroupProxy-4-4] DEBUG ktor.application - Stopped sending kobweb status events, probably because client disconnected or server is shutting down. (ChannelWriteException: Cannot write to a channel)
2026-03-24 19:51:47.234 [eventLoopGroupProxy-4-6] DEBUG ktor.application - Client connected and is requesting kobweb status events.
2026-03-24 19:51:47.405 [eventLoopGroupProxy-4-7] DEBUG ktor.application - Served fallback index.html file in response to "/samples"
2026-03-24 19:51:47.841 [eventLoopGroupProxy-4-6] DEBUG ktor.application - Stopped sending kobweb status events, probably because client disconnected or server is shutting down. (ChannelWriteException: Cannot write to a channel)
2026-03-24 19:51:47.951 [eventLoopGroupProxy-4-7] DEBUG ktor.application - Client connected and is requesting kobweb status events.
2026-03-24 19:51:48.166 [eventLoopGroupProxy-3-3] DEBUG ktor.application - I/O operation failed
java.net.SocketException: Connection reset
	at java.base/sun.nio.ch.SocketChannelImpl.throwConnectionReset(SocketChannelImpl.java:403)
	at java.base/sun.nio.ch.SocketChannelImpl.implRead(SocketChannelImpl.java:435)
	at java.base/sun.nio.ch.SocketChannelImpl.read(SocketChannelImpl.java:493)
	at io.netty.buffer.PooledByteBuf.setBytes(PooledByteBuf.java:255)
	at io.netty.buffer.AbstractByteBuf.writeBytes(AbstractByteBuf.java:1132)
	at io.netty.channel.socket.nio.NioSocketChannel.doReadBytes(NioSocketChannel.java:356)
	at io.netty.channel.nio.AbstractNioByteChannel$NioByteUnsafe.read(AbstractNioByteChannel.java:151)
	at io.netty.channel.nio.NioEventLoop.processSelectedKey(NioEventLoop.java:788)
	at io.netty.channel.nio.NioEventLoop.processSelectedKeysOptimized(NioEventLoop.java:724)
	at io.netty.channel.nio.NioEventLoop.processSelectedKeys(NioEventLoop.java:650)
	at io.netty.channel.nio.NioEventLoop.run(NioEventLoop.java:562)
	at io.netty.util.concurrent.SingleThreadEventExecutor$4.run(SingleThreadEventExecutor.java:994)
	at io.netty.util.internal.ThreadExecutorMap$2.run(ThreadExecutorMap.java:74)
	at io.ktor.server.netty.EventLoopGroupProxy$Companion.create$lambda$1$lambda$0(NettyApplicationEngine.kt:296)
	at io.netty.util.concurrent.FastThreadLocalRunnable.run(FastThreadLocalRunnable.java:30)
	at java.base/java.lang.Thread.run(Thread.java:1570)
2026-03-24 19:51:48.169 [eventLoopGroupProxy-4-8] DEBUG ktor.application - 200 OK: GET - /models/DamagedHelmet.glb. Exception class io.ktor.util.cio.ChannelWriteException: Cannot write to a channel
io.ktor.util.cio.ChannelWriteException: Cannot write to a channel
	at io.ktor.server.netty.cio.NettyHttpResponsePipeline.respondWithFailure(NettyHttpResponsePipeline.kt:102)
	at io.ktor.server.netty.cio.NettyHttpResponsePipeline.respondWithBodyAndTrailerMessage(NettyHttpResponsePipeline.kt:252)
	at io.ktor.server.netty.cio.NettyHttpResponsePipeline.access$respondWithBodyAndTrailerMessage(NettyHttpResponsePipeline.kt:26)
	at io.ktor.server.netty.cio.NettyHttpResponsePipeline$respondWithBodyAndTrailerMessage$1.invokeSuspend(NettyHttpResponsePipeline.kt)
	at kotlin.coroutines.jvm.internal.BaseContinuationImpl.resumeWith(ContinuationImpl.kt:33)
	at kotlinx.coroutines.DispatchedTask.run(DispatchedTask.kt:104)
	at io.netty.util.concurrent.AbstractEventExecutor.runTask(AbstractEventExecutor.java:173)
	at io.netty.util.concurrent.AbstractEventExecutor.safeExecute(AbstractEventExecutor.java:166)
	at io.netty.util.concurrent.SingleThreadEventExecutor.runAllTasks(SingleThreadEventExecutor.java:469)
	at io.netty.channel.nio.NioEventLoop.run(NioEventLoop.java:566)
	at io.netty.util.concurrent.SingleThreadEventExecutor$4.run(SingleThreadEventExecutor.java:994)
	at io.netty.util.internal.ThreadExecutorMap$2.run(ThreadExecutorMap.java:74)
	at io.ktor.server.netty.EventLoopGroupProxy$Companion.create$lambda$1$lambda$0(NettyApplicationEngine.kt:296)
	at io.netty.util.concurrent.FastThreadLocalRunnable.run(FastThreadLocalRunnable.java:30)
	at java.base/java.lang.Thread.run(Thread.java:1570)
Caused by: io.netty.channel.StacklessClosedChannelException: null
	at io.netty.channel.AbstractChannel$AbstractUnsafe.write(Object, ChannelPromise)(Unknown Source)
2026-03-24 19:51:48.557 [eventLoopGroupProxy-4-7] DEBUG ktor.application - Stopped sending kobweb status events, probably because client disconnected or server is shutting down. (ChannelWriteException: Cannot write to a channel)
