kotlin version: 2.1.21
error message: java.lang.NoSuchMethodError: 'org.jetbrains.kotlin.config.LanguageVersionSettings org.jetbrains.kotlin.codegen.state.KotlinTypeMapper$Companion.getLANGUAGE_VERSION_SETTINGS_DEFAULT()'
	at com.google.devtools.ksp.processing.impl.ResolverImpl.<init>(ResolverImpl.kt:147)
	at com.google.devtools.ksp.AbstractKotlinSymbolProcessingExtension.doAnalysis(KotlinSymbolProcessingExtension.kt:221)
	at org.jetbrains.kotlin.js.analyze.AbstractTopDownAnalyzerFacadeForWeb.analyzeFilesWithGivenTrace(TopDownAnalyzerFacadeForJS.kt:136)
	at org.jetbrains.kotlin.js.analyze.AbstractTopDownAnalyzerFacadeForWeb.analyzeFiles(TopDownAnalyzerFacadeForJS.kt:88)
	at org.jetbrains.kotlin.ir.backend.js.ModulesStructure.runAnalysis$lambda$8(klib.kt:464)
	at org.jetbrains.kotlin.cli.common.messages.AnalyzerWithCompilerReport.analyzeAndReport(AnalyzerWithCompilerReport.kt:112)
	at org.jetbrains.kotlin.ir.backend.js.ModulesStructure.runAnalysis(klib.kt:463)
	at org.jetbrains.kotlin.ir.backend.js.PrepareAnalyzedSourceModuleKt.prepareAnalyzedSourceModule(prepareAnalyzedSourceModule.kt:27)
	at org.jetbrains.kotlin.cli.js.K2JSCompiler.produceSourceModule(K2JSCompiler.kt:245)
	at org.jetbrains.kotlin.cli.js.K2JSCompiler.doExecute(K2JSCompiler.kt:143)
	at org.jetbrains.kotlin.cli.js.K2JSCompiler.doExecute(K2JSCompiler.kt:49)
	at org.jetbrains.kotlin.cli.common.CLICompiler.execImpl(CLICompiler.kt:113)
	at org.jetbrains.kotlin.cli.common.CLICompiler.exec(CLICompiler.kt:337)
	at org.jetbrains.kotlin.daemon.CompileServiceImpl.compile(CompileServiceImpl.kt:1700)
	at java.base/jdk.internal.reflect.DirectMethodHandleAccessor.invoke(DirectMethodHandleAccessor.java:103)
	at java.base/java.lang.reflect.Method.invoke(Method.java:580)
	at java.rmi/sun.rmi.server.UnicastServerRef.dispatch(UnicastServerRef.java:360)
	at java.rmi/sun.rmi.transport.Transport$1.run(Transport.java:200)
	at java.rmi/sun.rmi.transport.Transport$1.run(Transport.java:197)
	at java.base/java.security.AccessController.doPrivileged(AccessController.java:714)
	at java.rmi/sun.rmi.transport.Transport.serviceCall(Transport.java:196)
	at java.rmi/sun.rmi.transport.tcp.TCPTransport.handleMessages(TCPTransport.java:598)
	at java.rmi/sun.rmi.transport.tcp.TCPTransport$ConnectionHandler.run0(TCPTransport.java:844)
	at java.rmi/sun.rmi.transport.tcp.TCPTransport$ConnectionHandler.lambda$run$0(TCPTransport.java:721)
	at java.base/java.security.AccessController.doPrivileged(AccessController.java:400)
	at java.rmi/sun.rmi.transport.tcp.TCPTransport$ConnectionHandler.run(TCPTransport.java:720)
	at java.base/java.util.concurrent.ThreadPoolExecutor.runWorker(ThreadPoolExecutor.java:1144)
	at java.base/java.util.concurrent.ThreadPoolExecutor$Worker.run(ThreadPoolExecutor.java:642)
	at java.base/java.lang.Thread.run(Thread.java:1570)


